  Tutorial6.cpp
  Renderer.cpp
c:\users\b7063277\vprojects\graphics code 2015\graphics for games\6) scene graph\renderer.cpp(61): warning C4244: 'argument': conversion from 'float' to 'int', possible loss of data
  ParticleEmitter.cpp
  CubeRobot.cpp
  Generating Code...
ParticleEmitter.obj : warning LNK4049: locally defined symbol ___glewActiveTexture imported
ParticleEmitter.obj : warning LNK4049: locally defined symbol ___glewBindBuffer imported
ParticleEmitter.obj : warning LNK4049: locally defined symbol ___glewBufferData imported
ParticleEmitter.obj : warning LNK4049: locally defined symbol ___glewBufferSubData imported
ParticleEmitter.obj : warning LNK4049: locally defined symbol ___glewDeleteBuffers imported
ParticleEmitter.obj : warning LNK4049: locally defined symbol ___glewGenBuffers imported
ParticleEmitter.obj : warning LNK4049: locally defined symbol ___glewEnableVertexAttribArray imported
ParticleEmitter.obj : warning LNK4049: locally defined symbol ___glewVertexAttribPointer imported
ParticleEmitter.obj : warning LNK4049: locally defined symbol ___glewBindVertexArray imported
Renderer.obj : warning LNK4049: locally defined symbol ___glewGetUniformLocation imported
Renderer.obj : warning LNK4049: locally defined symbol ___glewUniform1f imported
Renderer.obj : warning LNK4049: locally defined symbol ___glewUniform1i imported
Renderer.obj : warning LNK4049: locally defined symbol ___glewUniform4fv imported
Renderer.obj : warning LNK4049: locally defined symbol ___glewUniformMatrix4fv imported
Renderer.obj : warning LNK4049: locally defined symbol ___glewUseProgram imported
glew32.lib(glew.obj) : warning LNK4099: PDB 'vc120.pdb' was not found with 'glew32.lib(glew.obj)' or at 'C:\Users\B7063277\Vprojects\Graphics Code 2015\Graphics For Games\Debug\vc120.pdb'; linking object as if no debug info
  Tutorial6.vcxproj -> C:\Users\B7063277\Vprojects\Graphics Code 2015\Graphics For Games\Debug\Tutorial 06 - Scene Graph.exe
  Tutorial6.vcxproj -> C:\Users\B7063277\Vprojects\Graphics Code 2015\Graphics For Games\Debug\Tutorial 06 - Scene Graph.pdb (Full PDB)
