c:\users\b7063277\vprojects\graphics code 2015\graphics for games\13) cube mapping\release\vc141.pdb
c:\users\b7063277\vprojects\graphics code 2015\graphics for games\13) cube mapping\release\main.obj
c:\users\b7063277\vprojects\graphics code 2015\graphics for games\13) cube mapping\release\textmesh.obj
c:\users\b7063277\vprojects\graphics code 2015\graphics for games\13) cube mapping\release\renderer.obj
c:\users\b7063277\vprojects\graphics code 2015\graphics for games\13) cube mapping\release\particleemitter.obj
c:\users\b7063277\vprojects\graphics code 2015\graphics for games\13) cube mapping\release\cuberobot.obj
e:\graphics code 2015\graphics for games\13) cube mapping\release\vc141.pdb
e:\graphics code 2015\graphics for games\13) cube mapping\release\main.obj
e:\graphics code 2015\graphics for games\13) cube mapping\release\textmesh.obj
e:\graphics code 2015\graphics for games\13) cube mapping\release\renderer.obj
e:\graphics code 2015\graphics for games\13) cube mapping\release\particleemitter.obj
e:\graphics code 2015\graphics for games\13) cube mapping\release\cuberobot.obj
c:\users\chris\desktop\programs\graphics code 2015\graphics for games\13) cube mapping\release\vc141.pdb
c:\users\chris\desktop\programs\graphics code 2015\graphics for games\13) cube mapping\release\main.obj
c:\users\chris\desktop\programs\graphics code 2015\graphics for games\13) cube mapping\release\textmesh.obj
c:\users\chris\desktop\programs\graphics code 2015\graphics for games\13) cube mapping\release\renderer.obj
c:\users\chris\desktop\programs\graphics code 2015\graphics for games\13) cube mapping\release\particleemitter.obj
c:\users\chris\desktop\programs\graphics code 2015\graphics for games\13) cube mapping\release\cuberobot.obj
c:\users\chris\desktop\programs\files\university\graphics code 2015\graphics for games\13) cube mapping\release\vc141.pdb
c:\users\chris\desktop\programs\files\university\graphics code 2015\graphics for games\13) cube mapping\release\main.obj
c:\users\chris\desktop\programs\files\university\graphics code 2015\graphics for games\13) cube mapping\release\textmesh.obj
c:\users\chris\desktop\programs\files\university\graphics code 2015\graphics for games\13) cube mapping\release\renderer.obj
c:\users\chris\desktop\programs\files\university\graphics code 2015\graphics for games\13) cube mapping\release\particleemitter.obj
c:\users\chris\desktop\programs\files\university\graphics code 2015\graphics for games\13) cube mapping\release\cuberobot.obj
c:\users\b7063277\vprojects\graphics code 2015\graphics for games\release\graphics coursework.ipdb
c:\users\b7063277\vprojects\graphics code 2015\graphics for games\release\graphics coursework.iobj
e:\graphics code 2015\graphics for games\release\graphics coursework.ipdb
e:\graphics code 2015\graphics for games\release\graphics coursework.iobj
c:\users\b7063277\vprojects\graphics code 2015\graphics for games\release\graphics coursework.exe
c:\users\b7063277\vprojects\graphics code 2015\graphics for games\release\graphics coursework.pdb
e:\graphics code 2015\graphics for games\release\graphics coursework.exe
e:\graphics code 2015\graphics for games\release\graphics coursework.pdb
c:\users\chris\desktop\programs\files\university\graphics code 2015\graphics for games\release\graphics coursework.pdb
c:\users\chris\desktop\programs\files\university\graphics code 2015\graphics for games\13) cube mapping\release\graphics.2e797ef1.tlog\cl.command.1.tlog
c:\users\chris\desktop\programs\files\university\graphics code 2015\graphics for games\13) cube mapping\release\graphics.2e797ef1.tlog\cl.read.1.tlog
c:\users\chris\desktop\programs\files\university\graphics code 2015\graphics for games\13) cube mapping\release\graphics.2e797ef1.tlog\cl.write.1.tlog
c:\users\chris\desktop\programs\files\university\graphics code 2015\graphics for games\13) cube mapping\release\graphics.2e797ef1.tlog\graphics coursework.write.1u.tlog
c:\users\chris\desktop\programs\files\university\graphics code 2015\graphics for games\13) cube mapping\release\graphics.2e797ef1.tlog\link.command.1.tlog
c:\users\chris\desktop\programs\files\university\graphics code 2015\graphics for games\13) cube mapping\release\graphics.2e797ef1.tlog\link.read.1.tlog
c:\users\chris\desktop\programs\files\university\graphics code 2015\graphics for games\13) cube mapping\release\graphics.2e797ef1.tlog\link.write.1.tlog
