MSVCRT.lib(initializers.obj) : warning LNK4098: defaultlib 'libcmt.lib' conflicts with use of other libs; use /NODEFAULTLIB:library
  Generating code
  1419 of 1419 functions (100.0%) were compiled, the rest were copied from previous compilation.
    276 functions were new in current compilation
    0 functions had inline decision re-evaluated but remain unchanged
  Finished generating code
ParticleEmitter.obj : warning LNK4049: locally defined symbol ___glewDeleteBuffers imported
ParticleEmitter.obj : warning LNK4049: locally defined symbol ___glewGenBuffers imported
ParticleEmitter.obj : warning LNK4049: locally defined symbol ___glewActiveTexture imported
ParticleEmitter.obj : warning LNK4049: locally defined symbol ___glewBufferData imported
ParticleEmitter.obj : warning LNK4049: locally defined symbol ___glewBufferSubData imported
ParticleEmitter.obj : warning LNK4049: locally defined symbol ___glewBindBuffer imported
ParticleEmitter.obj : warning LNK4049: locally defined symbol ___glewVertexAttribPointer imported
ParticleEmitter.obj : warning LNK4049: locally defined symbol ___glewBindVertexArray imported
ParticleEmitter.obj : warning LNK4049: locally defined symbol ___glewEnableVertexAttribArray imported
Renderer.obj : warning LNK4049: locally defined symbol ___glewUniform3fv imported
Renderer.obj : warning LNK4049: locally defined symbol ___glewUniform4fv imported
Renderer.obj : warning LNK4049: locally defined symbol ___glewBindFramebuffer imported
Renderer.obj : warning LNK4049: locally defined symbol ___glewUniformMatrix4fv imported
Renderer.obj : warning LNK4049: locally defined symbol ___glewGenFramebuffers imported
Renderer.obj : warning LNK4049: locally defined symbol ___glewDeleteFramebuffers imported
Renderer.obj : warning LNK4049: locally defined symbol ___glewFramebufferTexture2D imported
Renderer.obj : warning LNK4049: locally defined symbol ___glewGetUniformLocation imported
Renderer.obj : warning LNK4049: locally defined symbol ___glewUniform1f imported
Renderer.obj : warning LNK4049: locally defined symbol ___glewUniform1i imported
Renderer.obj : warning LNK4049: locally defined symbol ___glewUseProgram imported
SOIL.lib(SOIL.obj) : warning LNK4099: PDB 'SOIL.pdb' was not found with 'SOIL.lib(SOIL.obj)' or at 'C:\Users\Chris\Desktop\Programs\Files\University\Graphics Code 2015\Graphics For Games\Release\SOIL.pdb'; linking object as if no debug info
SOIL.lib(image_helper.obj) : warning LNK4099: PDB 'SOIL.pdb' was not found with 'SOIL.lib(image_helper.obj)' or at 'C:\Users\Chris\Desktop\Programs\Files\University\Graphics Code 2015\Graphics For Games\Release\SOIL.pdb'; linking object as if no debug info
SOIL.lib(stb_image_aug.obj) : warning LNK4099: PDB 'SOIL.pdb' was not found with 'SOIL.lib(stb_image_aug.obj)' or at 'C:\Users\Chris\Desktop\Programs\Files\University\Graphics Code 2015\Graphics For Games\Release\SOIL.pdb'; linking object as if no debug info
SOIL.lib(image_DXT.obj) : warning LNK4099: PDB 'SOIL.pdb' was not found with 'SOIL.lib(image_DXT.obj)' or at 'C:\Users\Chris\Desktop\Programs\Files\University\Graphics Code 2015\Graphics For Games\Release\SOIL.pdb'; linking object as if no debug info
glew32.lib(glew.obj) : warning LNK4099: PDB 'vc120.pdb' was not found with 'glew32.lib(glew.obj)' or at 'C:\Users\Chris\Desktop\Programs\Files\University\Graphics Code 2015\Graphics For Games\Release\vc120.pdb'; linking object as if no debug info
  Tutorial13.vcxproj -> C:\Users\Chris\Desktop\Programs\Files\University\Graphics Code 2015\Graphics For Games\Release\Graphics Coursework.exe
