c:\users\b7063277\vprojects\graphics code 2015\nclgl\release\nclgl.pdb
c:\users\b7063277\vprojects\graphics code 2015\nclgl\release\shader.obj
c:\users\b7063277\vprojects\graphics code 2015\nclgl\release\scenenode.obj
c:\users\b7063277\vprojects\graphics code 2015\nclgl\release\quaternion.obj
c:\users\b7063277\vprojects\graphics code 2015\nclgl\release\plane.obj
c:\users\b7063277\vprojects\graphics code 2015\nclgl\release\oglrenderer.obj
c:\users\b7063277\vprojects\graphics code 2015\nclgl\release\objmesh.obj
c:\users\b7063277\vprojects\graphics code 2015\nclgl\release\mouse.obj
c:\users\b7063277\vprojects\graphics code 2015\nclgl\release\mesh.obj
c:\users\b7063277\vprojects\graphics code 2015\nclgl\release\md5node.obj
c:\users\b7063277\vprojects\graphics code 2015\nclgl\release\md5mesh.obj
c:\users\b7063277\vprojects\graphics code 2015\nclgl\release\md5filedata.obj
c:\users\b7063277\vprojects\graphics code 2015\nclgl\release\md5anim.obj
c:\users\b7063277\vprojects\graphics code 2015\nclgl\release\matrix4.obj
c:\users\b7063277\vprojects\graphics code 2015\nclgl\release\keyboard.obj
c:\users\b7063277\vprojects\graphics code 2015\nclgl\release\heightmap3.obj
c:\users\b7063277\vprojects\graphics code 2015\nclgl\release\heightmap2.obj
c:\users\b7063277\vprojects\graphics code 2015\nclgl\release\heightmap.obj
c:\users\b7063277\vprojects\graphics code 2015\nclgl\release\gametimer.obj
c:\users\b7063277\vprojects\graphics code 2015\nclgl\release\frustum.obj
c:\users\b7063277\vprojects\graphics code 2015\nclgl\release\camera.obj
c:\users\b7063277\vprojects\graphics code 2015\nclgl\release\window.obj
c:\users\chris\desktop\programs\files\university\graphics code 2015\nclgl\release\nclgl.pdb
c:\users\chris\desktop\programs\files\university\graphics code 2015\nclgl\release\shader.obj
c:\users\chris\desktop\programs\files\university\graphics code 2015\nclgl\release\scenenode.obj
c:\users\chris\desktop\programs\files\university\graphics code 2015\nclgl\release\quaternion.obj
c:\users\chris\desktop\programs\files\university\graphics code 2015\nclgl\release\plane.obj
c:\users\chris\desktop\programs\files\university\graphics code 2015\nclgl\release\oglrenderer.obj
c:\users\chris\desktop\programs\files\university\graphics code 2015\nclgl\release\objmesh.obj
c:\users\chris\desktop\programs\files\university\graphics code 2015\nclgl\release\mouse.obj
c:\users\chris\desktop\programs\files\university\graphics code 2015\nclgl\release\mesh.obj
c:\users\chris\desktop\programs\files\university\graphics code 2015\nclgl\release\md5node.obj
c:\users\chris\desktop\programs\files\university\graphics code 2015\nclgl\release\md5mesh.obj
c:\users\chris\desktop\programs\files\university\graphics code 2015\nclgl\release\md5filedata.obj
c:\users\chris\desktop\programs\files\university\graphics code 2015\nclgl\release\md5anim.obj
c:\users\chris\desktop\programs\files\university\graphics code 2015\nclgl\release\matrix4.obj
c:\users\chris\desktop\programs\files\university\graphics code 2015\nclgl\release\keyboard.obj
c:\users\chris\desktop\programs\files\university\graphics code 2015\nclgl\release\heightmap3.obj
c:\users\chris\desktop\programs\files\university\graphics code 2015\nclgl\release\heightmap2.obj
c:\users\chris\desktop\programs\files\university\graphics code 2015\nclgl\release\heightmap.obj
c:\users\chris\desktop\programs\files\university\graphics code 2015\nclgl\release\gametimer.obj
c:\users\chris\desktop\programs\files\university\graphics code 2015\nclgl\release\frustum.obj
c:\users\chris\desktop\programs\files\university\graphics code 2015\nclgl\release\camera.obj
c:\users\chris\desktop\programs\files\university\graphics code 2015\nclgl\release\window.obj
c:\users\b7063277\vprojects\graphics code 2015\graphics for games\release\nclgl.lib
c:\users\chris\desktop\programs\files\university\graphics code 2015\graphics for games\release\nclgl.lib
c:\users\chris\desktop\programs\files\university\graphics code 2015\nclgl\release\nclgl.tlog\cl.command.1.tlog
c:\users\chris\desktop\programs\files\university\graphics code 2015\nclgl\release\nclgl.tlog\cl.read.1.tlog
c:\users\chris\desktop\programs\files\university\graphics code 2015\nclgl\release\nclgl.tlog\cl.write.1.tlog
c:\users\chris\desktop\programs\files\university\graphics code 2015\nclgl\release\nclgl.tlog\lib-link.read.1.tlog
c:\users\chris\desktop\programs\files\university\graphics code 2015\nclgl\release\nclgl.tlog\lib-link.write.1.tlog
c:\users\chris\desktop\programs\files\university\graphics code 2015\nclgl\release\nclgl.tlog\lib.command.1.tlog
