c:\users\rich\desktop\msc graphics week 2\week 1 source original\soil\sln\debug\vc120.pdb
c:\users\rich\desktop\msc graphics week 2\week 1 source original\soil\sln\debug\vc120.idb
c:\users\rich\desktop\msc graphics week 2\week 1 source original\soil\sln\debug\image_dxt.obj
c:\users\rich\desktop\msc graphics week 2\week 1 source original\soil\sln\debug\image_helper.obj
c:\users\rich\desktop\msc graphics week 2\week 1 source original\soil\sln\debug\soil.obj
c:\users\rich\desktop\msc graphics week 2\week 1 source original\soil\sln\debug\stb_image_aug.obj
c:\users\rich\desktop\msc graphics week 2\week 1 source original\soil\sln\debug\soil.lib
\\campus\home\home2016\b7063277\desktop\graphics code 2015\soil\sln\debug\image_dxt.obj
\\campus\home\home2016\b7063277\desktop\graphics code 2015\soil\sln\debug\image_helper.obj
\\campus\home\home2016\b7063277\desktop\graphics code 2015\soil\sln\debug\soil.obj
\\campus\home\home2016\b7063277\desktop\graphics code 2015\soil\sln\debug\stb_image_aug.obj
\\campus\home\home2016\b7063277\desktop\graphics code 2015\soil\sln\debug\vc120.idb
\\campus\home\home2016\b7063277\desktop\graphics code 2015\soil\sln\debug\vc120.pdb
\\campus\home\home2016\b7063277\desktop\graphics code 2015\soil\sln\debug\soil.lib
\\campus\home\home2016\b7063277\desktop\graphics code 2015\soil\sln\debug\soil.tlog\cl.command.1.tlog
\\campus\home\home2016\b7063277\desktop\graphics code 2015\soil\sln\debug\soil.tlog\cl.read.1.tlog
\\campus\home\home2016\b7063277\desktop\graphics code 2015\soil\sln\debug\soil.tlog\cl.write.1.tlog
\\campus\home\home2016\b7063277\desktop\graphics code 2015\soil\sln\debug\soil.tlog\lib-link.read.1.tlog
\\campus\home\home2016\b7063277\desktop\graphics code 2015\soil\sln\debug\soil.tlog\lib-link.write.1.tlog
\\campus\home\home2016\b7063277\desktop\graphics code 2015\soil\sln\debug\soil.tlog\lib.command.1.tlog
